# JRE version: Java(TM) SE Runtime Environment (8.0_65-b17) (build 1.8.0_65-b17)
# Java VM: Java HotSpot(TM) 64-Bit Server VM (25.65-b01 mixed mode windows-amd64 compressed oops)
Heap:
 PSYoungGen      total 284672K, used 35936K [0x00000000e0000000, 0x00000000f5580000, 0x0000000100000000)
  eden space 231424K, 2% used [0x00000000e0000000,0x00000000e05cca70,0x00000000ee200000)
  from space 53248K, 56% used [0x00000000f1580000,0x00000000f32cb948,0x00000000f4980000)
  to   space 52736K, 0% used [0x00000000ee200000,0x00000000ee200000,0x00000000f1580000)
 ParOldGen       total 210432K, used 78344K [0x00000000a0000000, 0x00000000acd80000, 0x00000000e0000000)
  object space 210432K, 37% used [0x00000000a0000000,0x00000000a4c82208,0x00000000acd80000)
 Metaspace       used 98526K, capacity 106741K, committed 107008K, reserved 1142784K
  class space    used 12752K, capacity 14512K, committed 14592K, reserved 1048576K
GC Heap History (10 events):
Event: 2416.122 GC heap before
{Heap before GC invocations=42 (full 4):
 PSYoungGen      total 260608K, used 201821K [0x00000000e0000000, 0x00000000f4880000, 0x0000000100000000)
  eden space 197120K, 99% used [0x00000000e0000000,0x00000000ec004fc0,0x00000000ec080000)
  from space 63488K, 8% used [0x00000000ec080000,0x00000000ec5927e8,0x00000000efe80000)
  to   space 62464K, 0% used [0x00000000f0b80000,0x00000000f0b80000,0x00000000f4880000)
 ParOldGen       total 210432K, used 78304K [0x00000000a0000000, 0x00000000acd80000, 0x00000000e0000000)
  object space 210432K, 37% used [0x00000000a0000000,0x00000000a4c78208,0x00000000acd80000)
 Metaspace       used 97414K, capacity 104933K, committed 105216K, reserved 1140736K
  class space    used 12631K, capacity 14252K, committed 14336K, reserved 1048576K
Event: 2416.170 GC heap after
Heap after GC invocations=42 (full 4):
 PSYoungGen      total 270848K, used 24232K [0x00000000e0000000, 0x00000000f4400000, 0x0000000100000000)
  eden space 212992K, 0% used [0x00000000e0000000,0x00000000e0000000,0x00000000ed000000)
  from space 57856K, 41% used [0x00000000f0b80000,0x00000000f232a068,0x00000000f4400000)
  to   space 59392K, 0% used [0x00000000ed000000,0x00000000ed000000,0x00000000f0a00000)
 ParOldGen       total 210432K, used 78312K [0x00000000a0000000, 0x00000000acd80000, 0x00000000e0000000)
  object space 210432K, 37% used [0x00000000a0000000,0x00000000a4c7a208,0x00000000acd80000)
 Metaspace       used 97414K, capacity 104933K, committed 105216K, reserved 1140736K
  class space    used 12631K, capacity 14252K, committed 14336K, reserved 1048576K
}
Event: 2598.012 GC heap before
{Heap before GC invocations=43 (full 4):
 PSYoungGen      total 270848K, used 237224K [0x00000000e0000000, 0x00000000f4400000, 0x0000000100000000)
  eden space 212992K, 100% used [0x00000000e0000000,0x00000000ed000000,0x00000000ed000000)
  from space 57856K, 41% used [0x00000000f0b80000,0x00000000f232a068,0x00000000f4400000)
  to   space 59392K, 0% used [0x00000000ed000000,0x00000000ed000000,0x00000000f0a00000)
 ParOldGen       total 210432K, used 78312K [0x00000000a0000000, 0x00000000acd80000, 0x00000000e0000000)
  object space 210432K, 37% used [0x00000000a0000000,0x00000000a4c7a208,0x00000000acd80000)
 Metaspace       used 97784K, capacity 105619K, committed 105856K, reserved 1140736K
  class space    used 12672K, capacity 14343K, committed 14464K, reserved 1048576K
Event: 2598.040 GC heap after
Heap after GC invocations=43 (full 4):
 PSYoungGen      total 272384K, used 14973K [0x00000000e0000000, 0x00000000f4d00000, 0x0000000100000000)
  eden space 212992K, 0% used [0x00000000e0000000,0x00000000e0000000,0x00000000ed000000)
  from space 59392K, 25% used [0x00000000ed000000,0x00000000ede9f7d8,0x00000000f0a00000)
  to   space 56832K, 0% used [0x00000000f1580000,0x00000000f1580000,0x00000000f4d00000)
 ParOldGen       total 210432K, used 78320K [0x00000000a0000000, 0x00000000acd80000, 0x00000000e0000000)
  object space 210432K, 37% used [0x00000000a0000000,0x00000000a4c7c208,0x00000000acd80000)
 Metaspace       used 97784K, capacity 105619K, committed 105856K, reserved 1140736K
  class space    used 12672K, capacity 14343K, committed 14464K, reserved 1048576K
}
Event: 2608.873 GC heap before
{Heap before GC invocations=44 (full 4):
 PSYoungGen      total 272384K, used 227965K [0x00000000e0000000, 0x00000000f4d00000, 0x0000000100000000)
  eden space 212992K, 100% used [0x00000000e0000000,0x00000000ed000000,0x00000000ed000000)
  from space 59392K, 25% used [0x00000000ed000000,0x00000000ede9f7d8,0x00000000f0a00000)
  to   space 56832K, 0% used [0x00000000f1580000,0x00000000f1580000,0x00000000f4d00000)
 ParOldGen       total 210432K, used 78320K [0x00000000a0000000, 0x00000000acd80000, 0x00000000e0000000)
  object space 210432K, 37% used [0x00000000a0000000,0x00000000a4c7c208,0x00000000acd80000)
 Metaspace       used 98017K, capacity 105953K, committed 106112K, reserved 1140736K
  class space    used 12691K, capacity 14396K, committed 14464K, reserved 1048576K
Event: 2608.969 GC heap after
Heap after GC invocations=44 (full 4):
 PSYoungGen      total 284160K, used 19003K [0x00000000e0000000, 0x00000000f4980000, 0x0000000100000000)
  eden space 230912K, 0% used [0x00000000e0000000,0x00000000e0000000,0x00000000ee180000)
  from space 53248K, 35% used [0x00000000f1580000,0x00000000f280ede8,0x00000000f4980000)
  to   space 53248K, 0% used [0x00000000ee180000,0x00000000ee180000,0x00000000f1580000)
 ParOldGen       total 210432K, used 78328K [0x00000000a0000000, 0x00000000acd80000, 0x00000000e0000000)
  object space 210432K, 37% used [0x00000000a0000000,0x00000000a4c7e208,0x00000000acd80000)
 Metaspace       used 98017K, capacity 105953K, committed 106112K, reserved 1140736K
  class space    used 12691K, capacity 14396K, committed 14464K, reserved 1048576K
}
Event: 4221.793 GC heap before
{Heap before GC invocations=45 (full 4):
 PSYoungGen      total 284160K, used 249915K [0x00000000e0000000, 0x00000000f4980000, 0x0000000100000000)
  eden space 230912K, 100% used [0x00000000e0000000,0x00000000ee180000,0x00000000ee180000)
  from space 53248K, 35% used [0x00000000f1580000,0x00000000f280ede8,0x00000000f4980000)
  to   space 53248K, 0% used [0x00000000ee180000,0x00000000ee180000,0x00000000f1580000)
 ParOldGen       total 210432K, used 78328K [0x00000000a0000000, 0x00000000acd80000, 0x00000000e0000000)
  object space 210432K, 37% used [0x00000000a0000000,0x00000000a4c7e208,0x00000000acd80000)
 Metaspace       used 98140K, capacity 106149K, committed 106368K, reserved 1140736K
  class space    used 12704K, capacity 14438K, committed 14464K, reserved 1048576K
Event: 4221.882 GC heap after
Heap after GC invocations=45 (full 4):
 PSYoungGen      total 284160K, used 8720K [0x00000000e0000000, 0x00000000f4980000, 0x0000000100000000)
  eden space 230912K, 0% used [0x00000000e0000000,0x00000000e0000000,0x00000000ee180000)
  from space 53248K, 16% used [0x00000000ee180000,0x00000000eea040d8,0x00000000f1580000)
  to   space 53248K, 0% used [0x00000000f1580000,0x00000000f1580000,0x00000000f4980000)
 ParOldGen       total 210432K, used 78336K [0x00000000a0000000, 0x00000000acd80000, 0x00000000e0000000)
  object space 210432K, 37% used [0x00000000a0000000,0x00000000a4c80208,0x00000000acd80000)
 Metaspace       used 98140K, capacity 106149K, committed 106368K, reserved 1140736K
  class space    used 12704K, capacity 14438K, committed 14464K, reserved 1048576K
}
Event: 4253.008 GC heap before
{Heap before GC invocations=46 (full 4):
 PSYoungGen      total 284160K, used 239632K [0x00000000e0000000, 0x00000000f4980000, 0x0000000100000000)
  eden space 230912K, 100% used [0x00000000e0000000,0x00000000ee180000,0x00000000ee180000)
  from space 53248K, 16% used [0x00000000ee180000,0x00000000eea040d8,0x00000000f1580000)
  to   space 53248K, 0% used [0x00000000f1580000,0x00000000f1580000,0x00000000f4980000)
 ParOldGen       total 210432K, used 78336K [0x00000000a0000000, 0x00000000acd80000, 0x00000000e0000000)
  object space 210432K, 37% used [0x00000000a0000000,0x00000000a4c80208,0x00000000acd80000)
 Metaspace       used 98526K, capacity 106741K, committed 107008K, reserved 1142784K
  class space    used 12752K, capacity 14512K, committed 14592K, reserved 1048576K
Event: 4253.079 GC heap after
Heap after GC invocations=46 (full 4):
 PSYoungGen      total 284672K, used 29998K [0x00000000e0000000, 0x00000000f5580000, 0x0000000100000000)
  eden space 231424K, 0% used [0x00000000e0000000,0x00000000e0000000,0x00000000ee200000)
  from space 53248K, 56% used [0x00000000f1580000,0x00000000f32cb948,0x00000000f4980000)
  to   space 52736K, 0% used [0x00000000ee200000,0x00000000ee200000,0x00000000f1580000)
 ParOldGen       total 210432K, used 78344K [0x00000000a0000000, 0x00000000acd80000, 0x00000000e0000000)
  object space 210432K, 37% used [0x00000000a0000000,0x00000000a4c82208,0x00000000acd80000)
 Metaspace       used 98526K, capacity 106741K, committed 107008K, reserved 1142784K
  class space    used 12752K, capacity 14512K, committed 14592K, reserved 1048576K
}

